<?xml version="1.0" encoding="UTF-8"?>
<!-- Generated by org.testng.reporters.JUnitXMLReporter -->
<testsuite ignored="0" hostname="DESKTOP-FIK5SPH" failures="1" tests="2" name="Test" time="26.899" errors="0" timestamp="2023-05-15T22:49:07 PDT">
  <testcase classname="test.Test1" name="loginPage" time="5.403"/>
  <testcase classname="test.Test1" name="cart" time="15.649">
    <failure type="java.lang.AssertionError" message="expected [true] but found [false]">
      <![CDATA[java.lang.AssertionError: expected [true] but found [false]
at test.Test1.cart(Test1.java:54)
at java.base/java.util.ArrayList.forEach(ArrayList.java:1511)
... Removed 35 stack frames]]>
    </failure>
  </testcase> <!-- cart -->
</testsuite> <!-- Test -->
