<?xml version="1.0" encoding="UTF-8"?>
<!-- Generated by org.testng.reporters.JUnitXMLReporter -->
<testsuite ignored="0" hostname="DESKTOP-FIK5SPH" failures="1" tests="3" name="Test" time="31.814" errors="0" timestamp="2024-06-14T00:55:57 PDT">
  <testcase classname="test.Test1" name="loginPage" time="5.759"/>
  <testcase classname="test.Test1" name="cart" time="11.24">
    <failure type="java.lang.AssertionError" message="expected [true] but found [false]">
      <![CDATA[java.lang.AssertionError: expected [true] but found [false]
at test.Test1.cart(Test1.java:54)
at java.base/java.util.ArrayList.forEach(ArrayList.java:1511)
... Removed 35 stack frames]]>
    </failure>
  </testcase> <!-- cart -->
  <testcase classname="test.Test1" name="skip" time="0.001">
    <skipped/>
  </testcase> <!-- skip -->
</testsuite> <!-- Test -->
