<?xml version="1.0" encoding="UTF-8"?>
<testng-results ignored="0" total="2" passed="1" failed="1" skipped="0">
  <reporter-output>
  </reporter-output>
  <suite started-at="2023-05-15T22:48:40 PDT" name="Suite" finished-at="2023-05-15T22:49:07 PDT" duration-ms="26899">
    <groups>
    </groups>
    <test started-at="2023-05-15T22:48:40 PDT" name="Test" finished-at="2023-05-15T22:49:07 PDT" duration-ms="26899">
      <class name="test.Test1">
        <test-method is-config="true" signature="openBrowser()[pri:0, instance:test.Test1@36c88a32]" started-at="2023-05-15T22:48:40 PDT" name="openBrowser" finished-at="2023-05-15T22:48:43 PDT" duration-ms="3170" status="PASS">
          <reporter-output>
          </reporter-output>
        </test-method> <!-- openBrowser -->
        <test-method signature="loginPage()[pri:1, instance:test.Test1@36c88a32]" started-at="2023-05-15T22:48:43 PDT" name="loginPage" finished-at="2023-05-15T22:48:49 PDT" duration-ms="5403" status="PASS">
          <reporter-output>
          </reporter-output>
        </test-method> <!-- loginPage -->
        <test-method is-config="true" signature="screen(org.testng.ITestResult)[pri:0, instance:test.Test1@36c88a32]" started-at="2023-05-15T22:48:49 PDT" name="screen" finished-at="2023-05-15T22:48:49 PDT" duration-ms="2" status="PASS">
          <params>
            <param index="0">
              <value>
                <![CDATA[[TestResult name=loginPage status=SUCCESS method=Test1.loginPage()[pri:1, instance:test.Test1@36c88a32] output={null}]]]>
              </value>
            </param>
          </params>
          <reporter-output>
          </reporter-output>
        </test-method> <!-- screen -->
        <test-method is-config="true" signature="closeBrowser()[pri:0, instance:test.Test1@36c88a32]" started-at="2023-05-15T22:48:49 PDT" name="closeBrowser" finished-at="2023-05-15T22:48:49 PDT" duration-ms="1" status="PASS">
          <reporter-output>
          </reporter-output>
        </test-method> <!-- closeBrowser -->
        <test-method is-config="true" signature="openBrowser()[pri:0, instance:test.Test1@36c88a32]" started-at="2023-05-15T22:48:49 PDT" name="openBrowser" finished-at="2023-05-15T22:48:51 PDT" duration-ms="2339" status="PASS">
          <reporter-output>
          </reporter-output>
        </test-method> <!-- openBrowser -->
        <test-method signature="cart()[pri:2, instance:test.Test1@36c88a32]" started-at="2023-05-15T22:48:51 PDT" name="cart" finished-at="2023-05-15T22:49:07 PDT" duration-ms="15649" status="FAIL">
          <exception class="java.lang.AssertionError">
            <message>
              <![CDATA[expected [true] but found [false]]]>
            </message>
            <full-stacktrace>
              <![CDATA[java.lang.AssertionError: expected [true] but found [false]
at org.testng.Assert.fail(Assert.java:99)
at org.testng.Assert.failNotEquals(Assert.java:1037)
at org.testng.Assert.assertTrue(Assert.java:45)
at org.testng.Assert.assertTrue(Assert.java:55)
at test.Test1.cart(Test1.java:54)
at java.base/jdk.internal.reflect.NativeMethodAccessorImpl.invoke0(Native Method)
at java.base/jdk.internal.reflect.NativeMethodAccessorImpl.invoke(NativeMethodAccessorImpl.java:77)
at java.base/jdk.internal.reflect.DelegatingMethodAccessorImpl.invoke(DelegatingMethodAccessorImpl.java:43)
at java.base/java.lang.reflect.Method.invoke(Method.java:568)
at org.testng.internal.MethodInvocationHelper.invokeMethod(MethodInvocationHelper.java:133)
at org.testng.internal.TestInvoker.invokeMethod(TestInvoker.java:598)
at org.testng.internal.TestInvoker.invokeTestMethod(TestInvoker.java:173)
at org.testng.internal.MethodRunner.runInSequence(MethodRunner.java:46)
at org.testng.internal.TestInvoker$MethodInvocationAgent.invoke(TestInvoker.java:824)
at org.testng.internal.TestInvoker.invokeTestMethods(TestInvoker.java:146)
at org.testng.internal.TestMethodWorker.invokeTestMethods(TestMethodWorker.java:146)
at org.testng.internal.TestMethodWorker.run(TestMethodWorker.java:128)
at java.base/java.util.ArrayList.forEach(ArrayList.java:1511)
at org.testng.TestRunner.privateRun(TestRunner.java:794)
at org.testng.TestRunner.run(TestRunner.java:596)
at org.testng.SuiteRunner.runTest(SuiteRunner.java:377)
at org.testng.SuiteRunner.runSequentially(SuiteRunner.java:371)
at org.testng.SuiteRunner.privateRun(SuiteRunner.java:332)
at org.testng.SuiteRunner.run(SuiteRunner.java:276)
at org.testng.SuiteRunnerWorker.runSuite(SuiteRunnerWorker.java:53)
at org.testng.SuiteRunnerWorker.run(SuiteRunnerWorker.java:96)
at org.testng.TestNG.runSuitesSequentially(TestNG.java:1212)
at org.testng.TestNG.runSuitesLocally(TestNG.java:1134)
at org.testng.TestNG.runSuites(TestNG.java:1063)
at org.testng.TestNG.run(TestNG.java:1031)
at org.apache.maven.surefire.testng.TestNGExecutor.run(TestNGExecutor.java:308)
at org.apache.maven.surefire.testng.TestNGXmlTestSuite.execute(TestNGXmlTestSuite.java:71)
at org.apache.maven.surefire.testng.TestNGProvider.invoke(TestNGProvider.java:113)
at org.apache.maven.surefire.booter.ForkedBooter.runSuitesInProcess(ForkedBooter.java:385)
at org.apache.maven.surefire.booter.ForkedBooter.execute(ForkedBooter.java:162)
at org.apache.maven.surefire.booter.ForkedBooter.run(ForkedBooter.java:507)
at org.apache.maven.surefire.booter.ForkedBooter.main(ForkedBooter.java:495)
]]>
            </full-stacktrace>
          </exception> <!-- java.lang.AssertionError -->
          <reporter-output>
          </reporter-output>
        </test-method> <!-- cart -->
        <test-method is-config="true" signature="screen(org.testng.ITestResult)[pri:0, instance:test.Test1@36c88a32]" started-at="2023-05-15T22:49:07 PDT" name="screen" finished-at="2023-05-15T22:49:07 PDT" duration-ms="289" status="PASS">
          <params>
            <param index="0">
              <value>
                <![CDATA[[TestResult name=cart status=FAILURE method=Test1.cart()[pri:2, instance:test.Test1@36c88a32] output={null}]]]>
              </value>
            </param>
          </params>
          <reporter-output>
          </reporter-output>
        </test-method> <!-- screen -->
        <test-method is-config="true" signature="closeBrowser()[pri:0, instance:test.Test1@36c88a32]" started-at="2023-05-15T22:49:07 PDT" name="closeBrowser" finished-at="2023-05-15T22:49:07 PDT" duration-ms="0" status="PASS">
          <reporter-output>
          </reporter-output>
        </test-method> <!-- closeBrowser -->
      </class> <!-- test.Test1 -->
    </test> <!-- Test -->
  </suite> <!-- Suite -->
</testng-results>
